<?xml version="1.0" encoding="UTF-8"?>
<!-- Generated by org.testng.reporters.JUnitXMLReporter -->
<testsuite ignored="2" hostname="LAPTOP-GAUPM6CM" failures="0" tests="2" name="Regression Test " time="22.931" errors="0" timestamp="2025-09-29T20:56:23 IST">
  <testcase classname="com.adactinhotelapp.tests.ValidateLoginUsingPOMUsingPF" name="validateLoginTest" time="1.734"/>
  <testcase classname="com.adactinhotelapp.tests.ValidateSearchHotelPagePOMUsingPF" name="validateSearchHotelTest" time="1.603"/>
  <testcase classname="com.adactinhotelapp.base.BaseTest" name="@AfterTest teardown" time="0.0">
    <ignored/>
  </testcase> <!-- @AfterTest teardown -->
  <testcase classname="com.adactinhotelapp.base.BaseTest" name="@BeforeTest setUp" time="0.0">
    <ignored/>
  </testcase> <!-- @BeforeTest setUp -->
</testsuite> <!-- Regression Test  -->
