<?xml version="1.0" encoding="UTF-8"?>
<!-- Generated by org.testng.reporters.JUnitXMLReporter -->
<testsuite ignored="1" hostname="LAPTOP-GAUPM6CM" failures="0" tests="9" name="Test" time="0.16" errors="0" timestamp="2025-09-24T21:31:21 IST">
  <testcase classname="com.adactinhotelapp.tests.Login" name="m1" time="0.007"/>
  <testcase classname="com.adactinhotelapp.tests.Login" name="m2" time="0.003"/>
  <testcase classname="com.adactinhotelapp.tests.Login" name="m3" time="0.0"/>
  <testcase classname="com.adactinhotelapp.tests.Login" name="m4" time="0.002"/>
  <testcase classname="com.adactinhotelapp.tests.Register" name="m5" time="0.001"/>
  <testcase classname="com.adactinhotelapp.tests.Register" name="m6" time="0.003"/>
  <testcase classname="com.adactinhotelapp.tests.Register" name="m7" time="0.002"/>
  <testcase classname="com.adactinhotelapp.tests.Register" name="m8" time="0.001"/>
  <testcase classname="com.adactinhotelapp.tests.Register" name="m9" time="0.001"/>
  <testcase classname="com.adactinhotelapp.tests.Base" name="@BeforeTest a1" time="0.0">
    <ignored/>
  </testcase> <!-- @BeforeTest a1 -->
</testsuite> <!-- Test -->
